<?xml version="1.0" encoding="UTF-8"?>
<!-- Generated by org.testng.reporters.JUnitXMLReporter -->
<testsuite ignored="0" hostname="LAPTOP-GJFA8BNB" failures="0" tests="3" name="chromeTest" time="32.756" errors="0" timestamp="2023-10-15T22:57:57 IST">
  <testcase classname="testCases.TS_001_SimpleForm" name="simpleForm" time="12.426"/>
  <testcase classname="testCases.TS_002_SliderDemo" name="sliderdemo" time="0.73"/>
  <testcase classname="testCases.TS_003_FormDemo" name="formDemo" time="1.702"/>
</testsuite> <!-- chromeTest -->
