<?xml version="1.0" encoding="UTF-8"?>
<!-- Generated by org.testng.reporters.JUnitXMLReporter -->
<testsuite ignored="0" hostname="LAPTOP-GJFA8BNB" failures="0" tests="3" name="edgeTest" time="37.221" errors="0" timestamp="2023-10-15T22:58:34 IST">
  <testcase classname="testCases.TS_001_SimpleForm" name="simpleForm" time="13.43"/>
  <testcase classname="testCases.TS_002_SliderDemo" name="sliderdemo" time="0.695"/>
  <testcase classname="testCases.TS_003_FormDemo" name="formDemo" time="1.471"/>
</testsuite> <!-- edgeTest -->
