<?xml version="1.0" encoding="UTF-8"?>
<!-- Generated by org.testng.reporters.JUnitXMLReporter -->
<testsuite ignored="0" hostname="LAPTOP-GJFA8BNB" failures="1" tests="3" name="firefoxTest" time="37.605" errors="0" timestamp="2023-10-15T21:49:14 IST">
  <testcase classname="testCases.TS_001_SimpleForm" name="simpleForm" time="1.448">
    <failure type="java.lang.AssertionError" message="null">
      <![CDATA[java.lang.AssertionError: null
at testCases.TS_001_SimpleForm.simpleForm(TS_001_SimpleForm.java:43)
at java.base/java.util.ArrayList.forEach(ArrayList.java:1511)
at java.base/java.util.concurrent.FutureTask.run(FutureTask.java:264)
at java.base/java.util.concurrent.ThreadPoolExecutor.runWorker(ThreadPoolExecutor.java:1136)
at java.base/java.util.concurrent.ThreadPoolExecutor$Worker.run(ThreadPoolExecutor.java:635)
at java.base/java.lang.Thread.run(Thread.java:833)
... Removed 19 stack frames]]>
    </failure>
  </testcase> <!-- simpleForm -->
  <testcase classname="testCases.TS_002_SliderDemo" name="sliderdemo" time="0.666"/>
  <testcase classname="testCases.TS_003_FormDemo" name="formDemo" time="18.318"/>
</testsuite> <!-- firefoxTest -->
