<?xml version="1.0" encoding="UTF-8"?>
<!-- Generated by org.testng.reporters.JUnitXMLReporter -->
<testsuite ignored="0" hostname="LAPTOP-GJFA8BNB" failures="0" tests="3" name="edgeTest" time="32.893" errors="0" timestamp="2023-10-15T23:07:17 IST">
  <testcase classname="testCases.TS_001_SimpleForm" name="simpleForm" time="11.589"/>
  <testcase classname="testCases.TS_002_SliderDemo" name="sliderdemo" time="0.699"/>
  <testcase classname="testCases.TS_003_FormDemo" name="formDemo" time="1.819"/>
</testsuite> <!-- edgeTest -->
