<?xml version="1.0" encoding="UTF-8"?>
<testng-results ignored="0" total="6" passed="6" failed="0" skipped="0">
  <reporter-output>
  </reporter-output>
  <suite started-at="2023-10-15T23:06:14 IST" name="Suite" finished-at="2023-10-15T23:07:17 IST" duration-ms="63024">
    <groups>
    </groups>
    <test started-at="2023-10-15T23:06:14 IST" name="chromeTest" finished-at="2023-10-15T23:06:43 IST" duration-ms="29403">
      <class name="testCases.TS_003_FormDemo">
        <test-method is-config="true" signature="setup(java.lang.String)[pri:0, instance:testCases.TS_003_FormDemo@5890e879]" started-at="2023-10-15T23:06:37 IST" name="setup" finished-at="2023-10-15T23:06:42 IST" duration-ms="4291" status="PASS">
          <params>
            <param index="0">
              <value>
                <![CDATA[chrome]]>
              </value>
            </param>
          </params>
          <reporter-output>
          </reporter-output>
        </test-method> <!-- setup -->
        <test-method signature="formDemo()[pri:0, instance:testCases.TS_003_FormDemo@5890e879]" started-at="2023-10-15T23:06:42 IST" name="formDemo" finished-at="2023-10-15T23:06:43 IST" duration-ms="1453" status="PASS">
          <reporter-output>
          </reporter-output>
        </test-method> <!-- formDemo -->
        <test-method is-config="true" signature="tearDown()[pri:0, instance:testCases.TS_003_FormDemo@5890e879]" started-at="2023-10-15T23:06:43 IST" name="tearDown" finished-at="2023-10-15T23:06:43 IST" duration-ms="182" status="PASS">
          <reporter-output>
          </reporter-output>
        </test-method> <!-- tearDown -->
      </class> <!-- testCases.TS_003_FormDemo -->
      <class name="testCases.TS_002_SliderDemo">
        <test-method is-config="true" signature="setup(java.lang.String)[pri:0, instance:testCases.TS_002_SliderDemo@6c284af]" started-at="2023-10-15T23:06:32 IST" name="setup" finished-at="2023-10-15T23:06:36 IST" duration-ms="4452" status="PASS">
          <params>
            <param index="0">
              <value>
                <![CDATA[chrome]]>
              </value>
            </param>
          </params>
          <reporter-output>
          </reporter-output>
        </test-method> <!-- setup -->
        <test-method signature="sliderdemo()[pri:0, instance:testCases.TS_002_SliderDemo@6c284af]" started-at="2023-10-15T23:06:36 IST" name="sliderdemo" finished-at="2023-10-15T23:06:37 IST" duration-ms="692" status="PASS">
          <reporter-output>
          </reporter-output>
        </test-method> <!-- sliderdemo -->
        <test-method is-config="true" signature="tearDown()[pri:0, instance:testCases.TS_002_SliderDemo@6c284af]" started-at="2023-10-15T23:06:37 IST" name="tearDown" finished-at="2023-10-15T23:06:37 IST" duration-ms="176" status="PASS">
          <reporter-output>
          </reporter-output>
        </test-method> <!-- tearDown -->
      </class> <!-- testCases.TS_002_SliderDemo -->
      <class name="testCases.TS_001_SimpleForm">
        <test-method is-config="true" signature="setup(java.lang.String)[pri:0, instance:testCases.TS_001_SimpleForm@cecf639]" started-at="2023-10-15T23:06:14 IST" name="setup" finished-at="2023-10-15T23:06:20 IST" duration-ms="5653" status="PASS">
          <params>
            <param index="0">
              <value>
                <![CDATA[chrome]]>
              </value>
            </param>
          </params>
          <reporter-output>
          </reporter-output>
        </test-method> <!-- setup -->
        <test-method signature="simpleForm()[pri:0, instance:testCases.TS_001_SimpleForm@cecf639]" started-at="2023-10-15T23:06:20 IST" name="simpleForm" finished-at="2023-10-15T23:06:32 IST" duration-ms="11919" status="PASS">
          <reporter-output>
          </reporter-output>
        </test-method> <!-- simpleForm -->
        <test-method is-config="true" signature="tearDown()[pri:0, instance:testCases.TS_001_SimpleForm@cecf639]" started-at="2023-10-15T23:06:32 IST" name="tearDown" finished-at="2023-10-15T23:06:32 IST" duration-ms="294" status="PASS">
          <reporter-output>
          </reporter-output>
        </test-method> <!-- tearDown -->
      </class> <!-- testCases.TS_001_SimpleForm -->
    </test> <!-- chromeTest -->
    <test started-at="2023-10-15T23:06:44 IST" name="edgeTest" finished-at="2023-10-15T23:07:17 IST" duration-ms="32893">
      <class name="testCases.TS_003_FormDemo">
        <test-method is-config="true" signature="setup(java.lang.String)[pri:0, instance:testCases.TS_003_FormDemo@c430e6c]" started-at="2023-10-15T23:07:09 IST" name="setup" finished-at="2023-10-15T23:07:15 IST" duration-ms="5998" status="PASS">
          <params>
            <param index="0">
              <value>
                <![CDATA[edge]]>
              </value>
            </param>
          </params>
          <reporter-output>
          </reporter-output>
        </test-method> <!-- setup -->
        <test-method signature="formDemo()[pri:0, instance:testCases.TS_003_FormDemo@c430e6c]" started-at="2023-10-15T23:07:15 IST" name="formDemo" finished-at="2023-10-15T23:07:17 IST" duration-ms="1819" status="PASS">
          <reporter-output>
          </reporter-output>
        </test-method> <!-- formDemo -->
        <test-method is-config="true" signature="tearDown()[pri:0, instance:testCases.TS_003_FormDemo@c430e6c]" started-at="2023-10-15T23:07:17 IST" name="tearDown" finished-at="2023-10-15T23:07:17 IST" duration-ms="251" status="PASS">
          <reporter-output>
          </reporter-output>
        </test-method> <!-- tearDown -->
      </class> <!-- testCases.TS_003_FormDemo -->
      <class name="testCases.TS_002_SliderDemo">
        <test-method is-config="true" signature="setup(java.lang.String)[pri:0, instance:testCases.TS_002_SliderDemo@4d0d9fe7]" started-at="2023-10-15T23:07:02 IST" name="setup" finished-at="2023-10-15T23:07:08 IST" duration-ms="5923" status="PASS">
          <params>
            <param index="0">
              <value>
                <![CDATA[edge]]>
              </value>
            </param>
          </params>
          <reporter-output>
          </reporter-output>
        </test-method> <!-- setup -->
        <test-method signature="sliderdemo()[pri:0, instance:testCases.TS_002_SliderDemo@4d0d9fe7]" started-at="2023-10-15T23:07:08 IST" name="sliderdemo" finished-at="2023-10-15T23:07:09 IST" duration-ms="699" status="PASS">
          <reporter-output>
          </reporter-output>
        </test-method> <!-- sliderdemo -->
        <test-method is-config="true" signature="tearDown()[pri:0, instance:testCases.TS_002_SliderDemo@4d0d9fe7]" started-at="2023-10-15T23:07:09 IST" name="tearDown" finished-at="2023-10-15T23:07:09 IST" duration-ms="244" status="PASS">
          <reporter-output>
          </reporter-output>
        </test-method> <!-- tearDown -->
      </class> <!-- testCases.TS_002_SliderDemo -->
      <class name="testCases.TS_001_SimpleForm">
        <test-method is-config="true" signature="setup(java.lang.String)[pri:0, instance:testCases.TS_001_SimpleForm@4a8355dd]" started-at="2023-10-15T23:06:44 IST" name="setup" finished-at="2023-10-15T23:06:50 IST" duration-ms="5955" status="PASS">
          <params>
            <param index="0">
              <value>
                <![CDATA[edge]]>
              </value>
            </param>
          </params>
          <reporter-output>
          </reporter-output>
        </test-method> <!-- setup -->
        <test-method signature="simpleForm()[pri:0, instance:testCases.TS_001_SimpleForm@4a8355dd]" started-at="2023-10-15T23:06:50 IST" name="simpleForm" finished-at="2023-10-15T23:07:01 IST" duration-ms="11589" status="PASS">
          <reporter-output>
          </reporter-output>
        </test-method> <!-- simpleForm -->
        <test-method is-config="true" signature="tearDown()[pri:0, instance:testCases.TS_001_SimpleForm@4a8355dd]" started-at="2023-10-15T23:07:01 IST" name="tearDown" finished-at="2023-10-15T23:07:02 IST" duration-ms="413" status="PASS">
          <reporter-output>
          </reporter-output>
        </test-method> <!-- tearDown -->
      </class> <!-- testCases.TS_001_SimpleForm -->
    </test> <!-- edgeTest -->
  </suite> <!-- Suite -->
</testng-results>
