<?xml version="1.0" encoding="UTF-8"?>
<testng-results ignored="0" total="6" passed="6" failed="0" skipped="0">
  <reporter-output>
  </reporter-output>
  <suite started-at="2023-10-15T22:57:24 IST" name="Suite" finished-at="2023-10-15T22:58:34 IST" duration-ms="70629">
    <groups>
    </groups>
    <test started-at="2023-10-15T22:57:24 IST" name="chromeTest" finished-at="2023-10-15T22:57:57 IST" duration-ms="32756">
      <class name="testCases.TS_003_FormDemo">
        <test-method is-config="true" signature="setup(java.lang.String)[pri:0, instance:testCases.TS_003_FormDemo@1caa0244]" started-at="2023-10-15T22:57:50 IST" name="setup" finished-at="2023-10-15T22:57:55 IST" duration-ms="4366" status="PASS">
          <params>
            <param index="0">
              <value>
                <![CDATA[chrome]]>
              </value>
            </param>
          </params>
          <reporter-output>
          </reporter-output>
        </test-method> <!-- setup -->
        <test-method signature="formDemo()[pri:0, instance:testCases.TS_003_FormDemo@1caa0244]" started-at="2023-10-15T22:57:55 IST" name="formDemo" finished-at="2023-10-15T22:57:56 IST" duration-ms="1702" status="PASS">
          <reporter-output>
          </reporter-output>
        </test-method> <!-- formDemo -->
        <test-method is-config="true" signature="tearDown()[pri:0, instance:testCases.TS_003_FormDemo@1caa0244]" started-at="2023-10-15T22:57:56 IST" name="tearDown" finished-at="2023-10-15T22:57:57 IST" duration-ms="185" status="PASS">
          <reporter-output>
          </reporter-output>
        </test-method> <!-- tearDown -->
      </class> <!-- testCases.TS_003_FormDemo -->
      <class name="testCases.TS_002_SliderDemo">
        <test-method is-config="true" signature="setup(java.lang.String)[pri:0, instance:testCases.TS_002_SliderDemo@cecf639]" started-at="2023-10-15T22:57:45 IST" name="setup" finished-at="2023-10-15T22:57:49 IST" duration-ms="4568" status="PASS">
          <params>
            <param index="0">
              <value>
                <![CDATA[chrome]]>
              </value>
            </param>
          </params>
          <reporter-output>
          </reporter-output>
        </test-method> <!-- setup -->
        <test-method signature="sliderdemo()[pri:0, instance:testCases.TS_002_SliderDemo@cecf639]" started-at="2023-10-15T22:57:49 IST" name="sliderdemo" finished-at="2023-10-15T22:57:50 IST" duration-ms="730" status="PASS">
          <reporter-output>
          </reporter-output>
        </test-method> <!-- sliderdemo -->
        <test-method is-config="true" signature="tearDown()[pri:0, instance:testCases.TS_002_SliderDemo@cecf639]" started-at="2023-10-15T22:57:50 IST" name="tearDown" finished-at="2023-10-15T22:57:50 IST" duration-ms="201" status="PASS">
          <reporter-output>
          </reporter-output>
        </test-method> <!-- tearDown -->
      </class> <!-- testCases.TS_002_SliderDemo -->
      <class name="testCases.TS_001_SimpleForm">
        <test-method is-config="true" signature="setup(java.lang.String)[pri:0, instance:testCases.TS_001_SimpleForm@353352b6]" started-at="2023-10-15T22:57:24 IST" name="setup" finished-at="2023-10-15T22:57:32 IST" duration-ms="7974" status="PASS">
          <params>
            <param index="0">
              <value>
                <![CDATA[chrome]]>
              </value>
            </param>
          </params>
          <reporter-output>
          </reporter-output>
        </test-method> <!-- setup -->
        <test-method signature="simpleForm()[pri:0, instance:testCases.TS_001_SimpleForm@353352b6]" started-at="2023-10-15T22:57:32 IST" name="simpleForm" finished-at="2023-10-15T22:57:44 IST" duration-ms="12426" status="PASS">
          <reporter-output>
          </reporter-output>
        </test-method> <!-- simpleForm -->
        <test-method is-config="true" signature="tearDown()[pri:0, instance:testCases.TS_001_SimpleForm@353352b6]" started-at="2023-10-15T22:57:44 IST" name="tearDown" finished-at="2023-10-15T22:57:45 IST" duration-ms="316" status="PASS">
          <reporter-output>
          </reporter-output>
        </test-method> <!-- tearDown -->
      </class> <!-- testCases.TS_001_SimpleForm -->
    </test> <!-- chromeTest -->
    <test started-at="2023-10-15T22:57:57 IST" name="edgeTest" finished-at="2023-10-15T22:58:34 IST" duration-ms="37221">
      <class name="testCases.TS_003_FormDemo">
        <test-method is-config="true" signature="setup(java.lang.String)[pri:0, instance:testCases.TS_003_FormDemo@66982506]" started-at="2023-10-15T22:58:27 IST" name="setup" finished-at="2023-10-15T22:58:33 IST" duration-ms="6022" status="PASS">
          <params>
            <param index="0">
              <value>
                <![CDATA[edge]]>
              </value>
            </param>
          </params>
          <reporter-output>
          </reporter-output>
        </test-method> <!-- setup -->
        <test-method signature="formDemo()[pri:0, instance:testCases.TS_003_FormDemo@66982506]" started-at="2023-10-15T22:58:33 IST" name="formDemo" finished-at="2023-10-15T22:58:34 IST" duration-ms="1471" status="PASS">
          <reporter-output>
          </reporter-output>
        </test-method> <!-- formDemo -->
        <test-method is-config="true" signature="tearDown()[pri:0, instance:testCases.TS_003_FormDemo@66982506]" started-at="2023-10-15T22:58:34 IST" name="tearDown" finished-at="2023-10-15T22:58:34 IST" duration-ms="245" status="PASS">
          <reporter-output>
          </reporter-output>
        </test-method> <!-- tearDown -->
      </class> <!-- testCases.TS_003_FormDemo -->
      <class name="testCases.TS_002_SliderDemo">
        <test-method is-config="true" signature="setup(java.lang.String)[pri:0, instance:testCases.TS_002_SliderDemo@72bc6553]" started-at="2023-10-15T22:58:20 IST" name="setup" finished-at="2023-10-15T22:58:26 IST" duration-ms="5973" status="PASS">
          <params>
            <param index="0">
              <value>
                <![CDATA[edge]]>
              </value>
            </param>
          </params>
          <reporter-output>
          </reporter-output>
        </test-method> <!-- setup -->
        <test-method signature="sliderdemo()[pri:0, instance:testCases.TS_002_SliderDemo@72bc6553]" started-at="2023-10-15T22:58:26 IST" name="sliderdemo" finished-at="2023-10-15T22:58:26 IST" duration-ms="695" status="PASS">
          <reporter-output>
          </reporter-output>
        </test-method> <!-- sliderdemo -->
        <test-method is-config="true" signature="tearDown()[pri:0, instance:testCases.TS_002_SliderDemo@72bc6553]" started-at="2023-10-15T22:58:26 IST" name="tearDown" finished-at="2023-10-15T22:58:27 IST" duration-ms="239" status="PASS">
          <reporter-output>
          </reporter-output>
        </test-method> <!-- tearDown -->
      </class> <!-- testCases.TS_002_SliderDemo -->
      <class name="testCases.TS_001_SimpleForm">
        <test-method is-config="true" signature="setup(java.lang.String)[pri:0, instance:testCases.TS_001_SimpleForm@536f2a7e]" started-at="2023-10-15T22:57:57 IST" name="setup" finished-at="2023-10-15T22:58:06 IST" duration-ms="8740" status="PASS">
          <params>
            <param index="0">
              <value>
                <![CDATA[edge]]>
              </value>
            </param>
          </params>
          <reporter-output>
          </reporter-output>
        </test-method> <!-- setup -->
        <test-method signature="simpleForm()[pri:0, instance:testCases.TS_001_SimpleForm@536f2a7e]" started-at="2023-10-15T22:58:06 IST" name="simpleForm" finished-at="2023-10-15T22:58:19 IST" duration-ms="13430" status="PASS">
          <reporter-output>
          </reporter-output>
        </test-method> <!-- simpleForm -->
        <test-method is-config="true" signature="tearDown()[pri:0, instance:testCases.TS_001_SimpleForm@536f2a7e]" started-at="2023-10-15T22:58:19 IST" name="tearDown" finished-at="2023-10-15T22:58:20 IST" duration-ms="394" status="PASS">
          <reporter-output>
          </reporter-output>
        </test-method> <!-- tearDown -->
      </class> <!-- testCases.TS_001_SimpleForm -->
    </test> <!-- edgeTest -->
  </suite> <!-- Suite -->
</testng-results>
